<?xml version="1.0" encoding="UTF-8"?>
<!-- Generated by org.testng.reporters.JUnitReportReporter -->
<testsuite hostname="LAPTOP-VHMVGMUT" failures="0" tests="1" name="tests.LoginTest" time="5.443" errors="0" timestamp="2025-04-26T11:39:10 IST" skipped="0">
  <testcase classname="tests.LoginTest" name="testvalidlogin" time="5.443"/>
</testsuite> <!-- tests.LoginTest -->
