<?xml version="1.0" encoding="UTF-8"?>
<!-- Generated by org.testng.reporters.JUnitReportReporter -->
<testsuite hostname="LAPTOP-VHMVGMUT" failures="0" tests="1" name="tests.LoginTest" time="4.380" errors="0" timestamp="2025-05-13T11:08:35 IST" skipped="0">
  <testcase classname="tests.LoginTest" name="testvalidlogin" time="4.380"/>
</testsuite> <!-- tests.LoginTest -->
